
  .   ____          _            __ _ _
 /\\ / ___'_ __ _ _(_)_ __  __ _ \ \ \ \
( ( )\___ | '_ | '_| | '_ \/ _` | \ \ \ \
 \\/  ___)| |_)| | | | | || (_| |  ) ) ) )
  '  |____| .__|_| |_|_| |_\__, | / / / /
 =========|_|==============|___/=/_/_/_/

 :: Spring Boot ::                (v3.4.0)

2025-12-11T13:09:47.421+05:30  INFO 45127 --- [user-management] [           main] c.e.u.UserManagementApplication          : Starting UserManagementApplication v0.0.1-SNAPSHOT using Java 25 with PID 45127 (/Users/Deepak_Dubey/Documents/CODE/user-management/target/user-management-0.0.1-SNAPSHOT.jar started by Deepak_Dubey in /Users/Deepak_Dubey/Documents/CODE/user-management)
2025-12-11T13:09:47.422+05:30 DEBUG 45127 --- [user-management] [           main] c.e.u.UserManagementApplication          : Running with Spring Boot v3.4.0, Spring v6.2.0
2025-12-11T13:09:47.422+05:30  INFO 45127 --- [user-management] [           main] c.e.u.UserManagementApplication          : No active profile set, falling back to 1 default profile: "default"
2025-12-11T13:09:47.745+05:30  INFO 45127 --- [user-management] [           main] .s.d.r.c.RepositoryConfigurationDelegate : Bootstrapping Spring Data JPA repositories in DEFAULT mode.
2025-12-11T13:09:47.768+05:30  INFO 45127 --- [user-management] [           main] .s.d.r.c.RepositoryConfigurationDelegate : Finished Spring Data repository scanning in 18 ms. Found 1 JPA repository interface.
WARNING: A restricted method in java.lang.System has been called
WARNING: java.lang.System::load has been called by org.apache.tomcat.jni.Library in an unnamed module (jar:nested:/Users/Deepak_Dubey/Documents/CODE/user-management/target/user-management-0.0.1-SNAPSHOT.jar/!BOOT-INF/lib/tomcat-embed-core-10.1.33.jar!/)
WARNING: Use --enable-native-access=ALL-UNNAMED to avoid a warning for callers in this module
WARNING: Restricted methods will be blocked in a future release unless native access is enabled

2025-12-11T13:09:47.999+05:30  INFO 45127 --- [user-management] [           main] o.s.b.w.embedded.tomcat.TomcatWebServer  : Tomcat initialized with port 8081 (http)
2025-12-11T13:09:48.005+05:30  INFO 45127 --- [user-management] [           main] o.apache.catalina.core.StandardService   : Starting service [Tomcat]
2025-12-11T13:09:48.005+05:30  INFO 45127 --- [user-management] [           main] o.apache.catalina.core.StandardEngine    : Starting Servlet engine: [Apache Tomcat/10.1.33]
2025-12-11T13:09:48.016+05:30  INFO 45127 --- [user-management] [           main] o.a.c.c.C.[Tomcat].[localhost].[/]       : Initializing Spring embedded WebApplicationContext
2025-12-11T13:09:48.016+05:30  INFO 45127 --- [user-management] [           main] w.s.c.ServletWebServerApplicationContext : Root WebApplicationContext: initialization completed in 576 ms
2025-12-11T13:09:48.028+05:30  INFO 45127 --- [user-management] [           main] com.zaxxer.hikari.HikariDataSource       : HikariPool-1 - Starting...
2025-12-11T13:09:48.125+05:30  INFO 45127 --- [user-management] [           main] com.zaxxer.hikari.pool.HikariPool        : HikariPool-1 - Added connection conn0: url=jdbc:h2:mem:testdb user=SA
2025-12-11T13:09:48.126+05:30  INFO 45127 --- [user-management] [           main] com.zaxxer.hikari.HikariDataSource       : HikariPool-1 - Start completed.
2025-12-11T13:09:48.137+05:30  INFO 45127 --- [user-management] [           main] o.s.b.a.h2.H2ConsoleAutoConfiguration    : H2 console available at '/h2-console'. Database available at 'jdbc:h2:mem:testdb'
2025-12-11T13:09:48.194+05:30  INFO 45127 --- [user-management] [           main] o.hibernate.jpa.internal.util.LogHelper  : HHH000204: Processing PersistenceUnitInfo [name: default]
2025-12-11T13:09:48.214+05:30  INFO 45127 --- [user-management] [           main] org.hibernate.Version                    : HHH000412: Hibernate ORM core version 6.6.2.Final
2025-12-11T13:09:48.226+05:30  INFO 45127 --- [user-management] [           main] o.h.c.internal.RegionFactoryInitiator    : HHH000026: Second-level cache disabled
2025-12-11T13:09:48.320+05:30  INFO 45127 --- [user-management] [           main] o.s.o.j.p.SpringPersistenceUnitInfo      : No LoadTimeWeaver setup: ignoring JPA class transformer
2025-12-11T13:09:48.336+05:30  WARN 45127 --- [user-management] [           main] org.hibernate.orm.deprecation            : HHH90000025: H2Dialect does not need to be specified explicitly using 'hibernate.dialect' (remove the property setting and it will be selected by default)
2025-12-11T13:09:48.343+05:30  INFO 45127 --- [user-management] [           main] org.hibernate.orm.connections.pooling    : HHH10001005: Database info:
	Database JDBC URL [Connecting through datasource 'HikariDataSource (HikariPool-1)']
	Database driver: undefined/unknown
	Database version: 2.3.232
	Autocommit mode: undefined/unknown
	Isolation level: undefined/unknown
	Minimum pool size: undefined/unknown
	Maximum pool size: undefined/unknown
2025-12-11T13:09:48.616+05:30  INFO 45127 --- [user-management] [           main] o.h.e.t.j.p.i.JtaPlatformInitiator       : HHH000489: No JTA platform available (set 'hibernate.transaction.jta.platform' to enable JTA platform integration)
Hibernate: create table users (id bigint generated by default as identity, email varchar(255) not null, otp varchar(255), otp_expiry_time timestamp(6), phone_number varchar(255) not null, role enum ('ADMIN','USER'), primary key (id))
Hibernate: alter table if exists users drop constraint if exists UK6dotkott2kjsp8vw4d0m25fb7
Hibernate: alter table if exists users add constraint UK6dotkott2kjsp8vw4d0m25fb7 unique (email)
Hibernate: alter table if exists users drop constraint if exists UK9q63snka3mdh91as4io72espi
Hibernate: alter table if exists users add constraint UK9q63snka3mdh91as4io72espi unique (phone_number)
2025-12-11T13:09:48.638+05:30  INFO 45127 --- [user-management] [           main] j.LocalContainerEntityManagerFactoryBean : Initialized JPA EntityManagerFactory for persistence unit 'default'
2025-12-11T13:09:48.822+05:30  WARN 45127 --- [user-management] [           main] JpaBaseConfiguration$JpaWebConfiguration : spring.jpa.open-in-view is enabled by default. Therefore, database queries may be performed during view rendering. Explicitly configure spring.jpa.open-in-view to disable this warning
2025-12-11T13:09:48.840+05:30  INFO 45127 --- [user-management] [           main] r$InitializeUserDetailsManagerConfigurer : Global AuthenticationManager configured with UserDetailsService bean with name userService
2025-12-11T13:09:49.080+05:30  INFO 45127 --- [user-management] [           main] o.s.b.w.embedded.tomcat.TomcatWebServer  : Tomcat started on port 8081 (http) with context path '/'
2025-12-11T13:09:49.091+05:30  INFO 45127 --- [user-management] [           main] c.e.u.UserManagementApplication          : Started UserManagementApplication in 1.829 seconds (process running for 2.035)
Hibernate: select count(*) from users u1_0
2025-12-11T14:53:56.673+05:30  WARN 45127 --- [user-management] [l-1 housekeeper] com.zaxxer.hikari.pool.HikariPool        : HikariPool-1 - Thread starvation or clock leap detected (housekeeper delta=5m37s714ms).
2025-12-11T15:09:18.441+05:30  WARN 45127 --- [user-management] [l-1 housekeeper] com.zaxxer.hikari.pool.HikariPool        : HikariPool-1 - Thread starvation or clock leap detected (housekeeper delta=15m21s768ms).
2025-12-11T15:45:04.920+05:30  WARN 45127 --- [user-management] [l-1 housekeeper] com.zaxxer.hikari.pool.HikariPool        : HikariPool-1 - Thread starvation or clock leap detected (housekeeper delta=35m16s471ms).
2025-12-11T17:15:45.515+05:30  WARN 45127 --- [user-management] [l-1 housekeeper] com.zaxxer.hikari.pool.HikariPool        : HikariPool-1 - Thread starvation or clock leap detected (housekeeper delta=21m2s908ms).
2025-12-11T18:13:31.173+05:30  WARN 45127 --- [user-management] [l-1 housekeeper] com.zaxxer.hikari.pool.HikariPool        : HikariPool-1 - Thread starvation or clock leap detected (housekeeper delta=26m45s437ms).
2025-12-11T21:18:02.574+05:30  WARN 45127 --- [user-management] [l-1 housekeeper] com.zaxxer.hikari.pool.HikariPool        : HikariPool-1 - Thread starvation or clock leap detected (housekeeper delta=1m59s877ms).
2025-12-11T22:29:15.596+05:30  WARN 45127 --- [user-management] [l-1 housekeeper] com.zaxxer.hikari.pool.HikariPool        : HikariPool-1 - Thread starvation or clock leap detected (housekeeper delta=2m42s535ms).
2025-12-11T22:45:11.273+05:30  WARN 45127 --- [user-management] [l-1 housekeeper] com.zaxxer.hikari.pool.HikariPool        : HikariPool-1 - Thread starvation or clock leap detected (housekeeper delta=15m55s677ms).
2025-12-11T23:14:54.760+05:30  WARN 45127 --- [user-management] [l-1 housekeeper] com.zaxxer.hikari.pool.HikariPool        : HikariPool-1 - Thread starvation or clock leap detected (housekeeper delta=29m13s480ms).
2025-12-12T00:19:32.971+05:30  WARN 45127 --- [user-management] [l-1 housekeeper] com.zaxxer.hikari.pool.HikariPool        : HikariPool-1 - Thread starvation or clock leap detected (housekeeper delta=1h4m8s201ms).
2025-12-12T00:30:23.883+05:30  WARN 45127 --- [user-management] [l-1 housekeeper] com.zaxxer.hikari.pool.HikariPool        : HikariPool-1 - Thread starvation or clock leap detected (housekeeper delta=10m20s911ms).
2025-12-12T00:31:32.667+05:30  WARN 45127 --- [user-management] [l-1 housekeeper] com.zaxxer.hikari.pool.HikariPool        : HikariPool-1 - Thread starvation or clock leap detected (housekeeper delta=1m8s784ms).
2025-12-12T01:31:10.749+05:30  WARN 45127 --- [user-management] [l-1 housekeeper] com.zaxxer.hikari.pool.HikariPool        : HikariPool-1 - Thread starvation or clock leap detected (housekeeper delta=59m38s82ms).
2025-12-12T02:32:15.109+05:30  WARN 45127 --- [user-management] [l-1 housekeeper] com.zaxxer.hikari.pool.HikariPool        : HikariPool-1 - Thread starvation or clock leap detected (housekeeper delta=1h1m4s360ms).
2025-12-12T02:48:10.764+05:30  WARN 45127 --- [user-management] [l-1 housekeeper] com.zaxxer.hikari.pool.HikariPool        : HikariPool-1 - Thread starvation or clock leap detected (housekeeper delta=15m55s655ms).
2025-12-12T04:04:08.806+05:30  WARN 45127 --- [user-management] [l-1 housekeeper] com.zaxxer.hikari.pool.HikariPool        : HikariPool-1 - Thread starvation or clock leap detected (housekeeper delta=1h15m28s31ms).
2025-12-12T04:33:56.142+05:30  WARN 45127 --- [user-management] [l-1 housekeeper] com.zaxxer.hikari.pool.HikariPool        : HikariPool-1 - Thread starvation or clock leap detected (housekeeper delta=29m47s336ms).
2025-12-12T05:34:39.520+05:30  WARN 45127 --- [user-management] [l-1 housekeeper] com.zaxxer.hikari.pool.HikariPool        : HikariPool-1 - Thread starvation or clock leap detected (housekeeper delta=1h43s377ms).
2025-12-12T06:51:11.458+05:30  WARN 45127 --- [user-management] [l-1 housekeeper] com.zaxxer.hikari.pool.HikariPool        : HikariPool-1 - Thread starvation or clock leap detected (housekeeper delta=1h16m31s939ms).
2025-12-12T06:54:20.301+05:30  WARN 45127 --- [user-management] [l-1 housekeeper] com.zaxxer.hikari.pool.HikariPool        : HikariPool-1 - Thread starvation or clock leap detected (housekeeper delta=2m38s833ms).
2025-12-12T06:59:50.554+05:30  WARN 45127 --- [user-management] [l-1 housekeeper] com.zaxxer.hikari.pool.HikariPool        : HikariPool-1 - Thread starvation or clock leap detected (housekeeper delta=5m30s252ms).
2025-12-12T08:07:51.021+05:30  WARN 45127 --- [user-management] [l-1 housekeeper] com.zaxxer.hikari.pool.HikariPool        : HikariPool-1 - Thread starvation or clock leap detected (housekeeper delta=1h8m468ms).
2025-12-12T08:24:15.925+05:30  WARN 45127 --- [user-management] [l-1 housekeeper] com.zaxxer.hikari.pool.HikariPool        : HikariPool-1 - Thread starvation or clock leap detected (housekeeper delta=15m54s890ms).
2025-12-12T08:37:38.879+05:30  WARN 45127 --- [user-management] [l-1 housekeeper] com.zaxxer.hikari.pool.HikariPool        : HikariPool-1 - Thread starvation or clock leap detected (housekeeper delta=13m22s954ms).
2025-12-12T09:08:51.115+05:30  WARN 45127 --- [user-management] [l-1 housekeeper] com.zaxxer.hikari.pool.HikariPool        : HikariPool-1 - Thread starvation or clock leap detected (housekeeper delta=31m12s236ms).
2025-12-12T09:38:37.813+05:30  WARN 45127 --- [user-management] [l-1 housekeeper] com.zaxxer.hikari.pool.HikariPool        : HikariPool-1 - Thread starvation or clock leap detected (housekeeper delta=29m46s698ms).
2025-12-12T10:10:28.518+05:30  WARN 45127 --- [user-management] [l-1 housekeeper] com.zaxxer.hikari.pool.HikariPool        : HikariPool-1 - Thread starvation or clock leap detected (housekeeper delta=31m20s694ms).
2025-12-12T10:39:29.096+05:30  WARN 45127 --- [user-management] [l-1 housekeeper] com.zaxxer.hikari.pool.HikariPool        : HikariPool-1 - Thread starvation or clock leap detected (housekeeper delta=29m578ms).
2025-12-12T12:59:28.019+05:30  WARN 45127 --- [user-management] [l-1 housekeeper] com.zaxxer.hikari.pool.HikariPool        : HikariPool-1 - Thread starvation or clock leap detected (housekeeper delta=8m17s539ms).
2025-12-12T14:13:37.557+05:30  WARN 45127 --- [user-management] [l-1 housekeeper] com.zaxxer.hikari.pool.HikariPool        : HikariPool-1 - Thread starvation or clock leap detected (housekeeper delta=17m8s930ms).
2025-12-12T14:17:41.840+05:30  WARN 45127 --- [user-management] [l-1 housekeeper] com.zaxxer.hikari.pool.HikariPool        : HikariPool-1 - Thread starvation or clock leap detected (housekeeper delta=4m4s283ms).
2025-12-12T14:34:26.100+05:30  WARN 45127 --- [user-management] [l-1 housekeeper] com.zaxxer.hikari.pool.HikariPool        : HikariPool-1 - Thread starvation or clock leap detected (housekeeper delta=6m44s152ms).
2025-12-12T14:53:55.316+05:30  WARN 45127 --- [user-management] [l-1 housekeeper] com.zaxxer.hikari.pool.HikariPool        : HikariPool-1 - Thread starvation or clock leap detected (housekeeper delta=3m59s76ms).
2025-12-12T14:59:34.987+05:30  WARN 45127 --- [user-management] [l-1 housekeeper] com.zaxxer.hikari.pool.HikariPool        : HikariPool-1 - Thread starvation or clock leap detected (housekeeper delta=5m9s671ms).
2025-12-12T15:16:14.158+05:30  WARN 45127 --- [user-management] [l-1 housekeeper] com.zaxxer.hikari.pool.HikariPool        : HikariPool-1 - Thread starvation or clock leap detected (housekeeper delta=16m9s165ms).
2025-12-12T15:34:19.907+05:30  WARN 45127 --- [user-management] [l-1 housekeeper] com.zaxxer.hikari.pool.HikariPool        : HikariPool-1 - Thread starvation or clock leap detected (housekeeper delta=15m35s723ms).
2025-12-12T15:49:49.308+05:30  WARN 45127 --- [user-management] [l-1 housekeeper] com.zaxxer.hikari.pool.HikariPool        : HikariPool-1 - Thread starvation or clock leap detected (housekeeper delta=11m29s361ms).
2025-12-12T16:15:19.500+05:30  INFO 45127 --- [user-management] [ionShutdownHook] o.s.b.w.e.tomcat.GracefulShutdown        : Commencing graceful shutdown. Waiting for active requests to complete
2025-12-12T16:15:19.537+05:30  INFO 45127 --- [user-management] [tomcat-shutdown] o.s.b.w.e.tomcat.GracefulShutdown        : Graceful shutdown complete
2025-12-12T16:15:19.555+05:30  INFO 45127 --- [user-management] [ionShutdownHook] j.LocalContainerEntityManagerFactoryBean : Closing JPA EntityManagerFactory for persistence unit 'default'
2025-12-12T16:15:19.563+05:30  INFO 45127 --- [user-management] [ionShutdownHook] com.zaxxer.hikari.HikariDataSource       : HikariPool-1 - Shutdown initiated...
2025-12-12T16:15:19.571+05:30  INFO 45127 --- [user-management] [ionShutdownHook] com.zaxxer.hikari.HikariDataSource       : HikariPool-1 - Shutdown completed.
